.=====================================================================.
                                                                       
  .d8888b.   .o8888b.  db  .d8888b.  d8888b. d88888b d8888b.  .d888b.  
 .8P    Y8. d8P    Y8  88 .8P    Y8. 88  `8D 88'     88  `8D .8P , Y8. 
 88      88 8P     .ooo88 88      88 88oooY' 88oooo  88oobY' 88  |  88 
 88      88 8b     `~~~88 88      88 88~~~b. 88~~~~  88`8b   88  |/ 88 
 `8b    d8' Y8b    d8  88 `8b    d8' 88   8D 88.     88 `88. `8b | d8' 
  `Y8888P'   `Y8888P'  YP  `Y8888P'  Y8888P' Y88888P 88   YD  `Y888P'  
                                                                       
`========================== INSTALLATION LOG ========================='

[2020/01/16 07:56:24] Host: Windows NT HACKERONE-PRO 10.0 build 18362 (Windows 10) AMD64
[2020/01/16 07:56:24] PHP version: 7.4.1
[2020/01/16 07:56:24] Server software: Apache/2.4.41 (Win64) OpenSSL/1.1.1c PHP/7.4.1
[2020/01/16 07:56:24] Operating system: WINNT
[2020/01/16 07:56:24] Memory limit: 512M
[2020/01/16 07:56:24] Max execution time: 3600
.============================ POST REQUEST ==========================.
[2020/01/16 07:56:24] Postback payload: Array
(
    [code] => phpVersion
    [handler] => onCheckRequirement
)

[2020/01/16 07:56:24] System check: phpVersion
[2020/01/16 07:56:24] Requirement phpVersion +OK
[2020/01/16 07:56:24] Execute handler (onCheckRequirement): Array
(
    [result] => 1
)

.============================ POST REQUEST ==========================.
[2020/01/16 07:56:25] Postback payload: Array
(
    [code] => curlLibrary
    [handler] => onCheckRequirement
)

[2020/01/16 07:56:25] System check: curlLibrary
[2020/01/16 07:56:25] Requirement curlLibrary +OK
[2020/01/16 07:56:25] Execute handler (onCheckRequirement): Array
(
    [result] => 1
)

.============================ POST REQUEST ==========================.
[2020/01/16 07:56:25] Postback payload: Array
(
    [code] => liveConnection
    [handler] => onCheckRequirement
)

[2020/01/16 07:56:25] System check: liveConnection
[2020/01/16 07:56:26] Server request: ping
[2020/01/16 07:56:26] Request information: Array
(
    [url] => http://gateway.octobercms.com/api/ping
    [content_type] => application/json
    [http_code] => 200
    [header_size] => 477
    [request_size] => 171
    [filetime] => -1
    [ssl_verify_result] => 0
    [redirect_count] => 0
    [total_time] => 0.676616
    [namelookup_time] => 0.082404
    [connect_time] => 0.348056
    [pretransfer_time] => 0.348384
    [size_upload] => 32
    [size_download] => 12
    [speed_download] => 17
    [speed_upload] => 47
    [download_content_length] => -1
    [upload_content_length] => 32
    [starttransfer_time] => 0.676574
    [redirect_time] => 0
    [redirect_url] => 
    [primary_ip] => 52.41.246.127
    [certinfo] => Array
        (
        )

    [primary_port] => 80
    [local_ip] => 192.168.1.5
    [local_port] => 50314
    [http_version] => 2
    [protocol] => 1
    [ssl_verifyresult] => 0
    [scheme] => HTTP
    [appconnect_time_us] => 0
    [connect_time_us] => 348056
    [namelookup_time_us] => 82404
    [pretransfer_time_us] => 348384
    [redirect_time_us] => 0
    [starttransfer_time_us] => 676574
    [total_time_us] => 676616
)

[2020/01/16 07:56:26] Requirement liveConnection +OK
[2020/01/16 07:56:26] Execute handler (onCheckRequirement): Array
(
    [result] => 1
)

.============================ POST REQUEST ==========================.
[2020/01/16 07:56:27] Postback payload: Array
(
    [code] => writePermission
    [handler] => onCheckRequirement
)

[2020/01/16 07:56:27] System check: writePermission
[2020/01/16 07:56:27] Requirement writePermission +OK
[2020/01/16 07:56:27] Execute handler (onCheckRequirement): Array
(
    [result] => 1
)

.============================ POST REQUEST ==========================.
[2020/01/16 07:56:27] Postback payload: Array
(
    [code] => pdoLibrary
    [handler] => onCheckRequirement
)

[2020/01/16 07:56:27] System check: pdoLibrary
[2020/01/16 07:56:27] Requirement pdoLibrary +OK
[2020/01/16 07:56:27] Execute handler (onCheckRequirement): Array
(
    [result] => 1
)

.============================ POST REQUEST ==========================.
[2020/01/16 07:56:28] Postback payload: Array
(
    [code] => mbstringLibrary
    [handler] => onCheckRequirement
)

[2020/01/16 07:56:28] System check: mbstringLibrary
[2020/01/16 07:56:28] Requirement mbstringLibrary +OK
[2020/01/16 07:56:28] Execute handler (onCheckRequirement): Array
(
    [result] => 1
)

.============================ POST REQUEST ==========================.
[2020/01/16 07:56:29] Postback payload: Array
(
    [code] => fileinfoLibrary
    [handler] => onCheckRequirement
)

[2020/01/16 07:56:29] System check: fileinfoLibrary
[2020/01/16 07:56:29] Requirement fileinfoLibrary +OK
[2020/01/16 07:56:29] Execute handler (onCheckRequirement): Array
(
    [result] => 1
)

.============================ POST REQUEST ==========================.
[2020/01/16 07:56:30] Postback payload: Array
(
    [code] => sslLibrary
    [handler] => onCheckRequirement
)

[2020/01/16 07:56:30] System check: sslLibrary
[2020/01/16 07:56:30] Requirement sslLibrary +OK
[2020/01/16 07:56:30] Execute handler (onCheckRequirement): Array
(
    [result] => 1
)

.============================ POST REQUEST ==========================.
[2020/01/16 07:56:31] Postback payload: Array
(
    [code] => zipLibrary
    [handler] => onCheckRequirement
)

[2020/01/16 07:56:31] System check: zipLibrary
[2020/01/16 07:56:31] Requirement zipLibrary +OK
[2020/01/16 07:56:31] Execute handler (onCheckRequirement): Array
(
    [result] => 1
)

.============================ POST REQUEST ==========================.
[2020/01/16 07:56:32] Postback payload: Array
(
    [code] => gdLibrary
    [handler] => onCheckRequirement
)

[2020/01/16 07:56:32] System check: gdLibrary
[2020/01/16 07:56:32] Requirement gdLibrary +OK
[2020/01/16 07:56:32] Execute handler (onCheckRequirement): Array
(
    [result] => 1
)

.============================ POST REQUEST ==========================.
[2020/01/16 07:57:26] Postback payload: Array
(
    [db_type] => mysql
    [db_host] => localhost
    [db_port] => 
    [db_name] => cms
    [db_user] => root
    [db_pass] => *******
    [admin_first_name] => Admin
    [admin_last_name] => Person
    [admin_email] => *******@*****.com
    [admin_login] => admin
    [admin_password] => *******
    [admin_confirm_password] => *******
    [backend_uri] => /backend
    [encryption_code] => *******
    [file_mask] => 777
    [folder_mask] => 777
    [handler] => onValidateDatabase
)

.============================ POST REQUEST ==========================.
[2020/01/16 07:57:26] Postback payload: Array
(
    [db_type] => mysql
    [db_host] => localhost
    [db_port] => 
    [db_name] => cms
    [db_user] => root
    [db_pass] => *******
    [admin_first_name] => Admin
    [admin_last_name] => Person
    [admin_email] => *******@*****.com
    [admin_login] => admin
    [admin_password] => *******
    [admin_confirm_password] => *******
    [backend_uri] => /backend
    [encryption_code] => *******
    [file_mask] => 777
    [folder_mask] => 777
    [handler] => onValidateAdminAccount
)

[2020/01/16 07:57:26] Handler error (onValidateAdminAccount): Please specify password
[2020/01/16 07:57:26] Trace log:
#0 C:\xampppppp\htdocs\cms\install_files\php\Installer.php(48): Installer->onValidateAdminAccount()
#1 C:\xampppppp\htdocs\cms\install_files\php\boot.php(91): Installer->__construct()
#2 C:\xampppppp\htdocs\cms\install.php(1): include('C:\\xampppppp\\ht...')
#3 {main}
.============================ POST REQUEST ==========================.
[2020/01/16 07:58:04] Postback payload: Array
(
    [db_type] => mysql
    [db_host] => localhost
    [db_port] => 
    [db_name] => cms
    [db_user] => root
    [db_pass] => *******
    [admin_first_name] => Admin
    [admin_last_name] => Person
    [admin_email] => *******@*****.com
    [admin_login] => admin
    [admin_password] => *******
    [admin_confirm_password] => *******
    [backend_uri] => /backend
    [encryption_code] => *******
    [file_mask] => 777
    [folder_mask] => 777
    [handler] => onValidateDatabase
)

.============================ POST REQUEST ==========================.
[2020/01/16 07:58:04] Postback payload: Array
(
    [db_type] => mysql
    [db_host] => localhost
    [db_port] => 
    [db_name] => cms
    [db_user] => root
    [db_pass] => *******
    [admin_first_name] => Admin
    [admin_last_name] => Person
    [admin_email] => *******@*****.com
    [admin_login] => admin
    [admin_password] => *******
    [admin_confirm_password] => *******
    [backend_uri] => /backend
    [encryption_code] => *******
    [file_mask] => 777
    [folder_mask] => 777
    [handler] => onValidateAdminAccount
)

.============================ POST REQUEST ==========================.
[2020/01/16 07:58:04] Postback payload: Array
(
    [db_type] => mysql
    [db_host] => localhost
    [db_port] => 
    [db_name] => cms
    [db_user] => root
    [db_pass] => *******
    [admin_first_name] => Admin
    [admin_last_name] => Person
    [admin_email] => *******@*****.com
    [admin_login] => admin
    [admin_password] => *******
    [admin_confirm_password] => *******
    [backend_uri] => /backend
    [encryption_code] => *******
    [file_mask] => 777
    [folder_mask] => 777
    [handler] => onValidateAdvancedConfig
)

.============================ POST REQUEST ==========================.
[2020/01/16 07:58:13] Postback payload: Array
(
    [handler] => onGetPopularThemes
)

[2020/01/16 07:58:13] Server request: theme/popular
[2020/01/16 07:58:13] Request information: Array
(
    [url] => http://gateway.octobercms.com/api/theme/popular
    [content_type] => application/json
    [http_code] => 200
    [header_size] => 477
    [request_size] => 180
    [filetime] => -1
    [ssl_verify_result] => 0
    [redirect_count] => 0
    [total_time] => 0.735024
    [namelookup_time] => 0.065941
    [connect_time] => 0.323179
    [pretransfer_time] => 0.323351
    [size_upload] => 32
    [size_download] => 4026
    [speed_download] => 5477
    [speed_upload] => 43
    [download_content_length] => -1
    [upload_content_length] => 32
    [starttransfer_time] => 0.734871
    [redirect_time] => 0
    [redirect_url] => 
    [primary_ip] => 52.41.246.127
    [certinfo] => Array
        (
        )

    [primary_port] => 80
    [local_ip] => 192.168.1.5
    [local_port] => 50386
    [http_version] => 2
    [protocol] => 1
    [ssl_verifyresult] => 0
    [scheme] => HTTP
    [appconnect_time_us] => 0
    [connect_time_us] => 323179
    [namelookup_time_us] => 65941
    [pretransfer_time_us] => 323351
    [redirect_time_us] => 0
    [starttransfer_time_us] => 734871
    [total_time_us] => 735024
)

[2020/01/16 07:58:13] Execute handler (onGetPopularThemes): Array
(
    [0] => Array
        (
            [name] => Clean Blog
            [description] => Clean blogger theme.
            [code] => Responsiv.Clean
            [updated_at] => 2020-01-16 04:56:38
            [image] => //gateway.octobercms.com/storage/app/uploads/public/58e/304/7a4/thumb_6978_210_140_0_0_crop.png
            [author] => Responsiv Internet
            [hash] => 07e5b7066168a94349ac92018770c2e8
            [demo_url] => http://daftspunk.com/
            [product_url] => http://gateway.octobercms.com/theme/responsiv-clean
        )

    [1] => Array
        (
            [name] => New Age
            [description] => Landing page for mobile apps
            [code] => VojtaSvoboda.newage
            [updated_at] => 2020-01-16 05:34:49
            [image] => //gateway.octobercms.com/storage/app/uploads/public/580/7eb/dc9/thumb_5770_210_140_0_0_crop.png
            [author] => Vojta Svoboda
            [hash] => 49e176898b238fb98aa05dd5c6e27464
            [demo_url] => https://blackrockdigital.github.io/startbootstrap-new-age/
            [product_url] => http://gateway.octobercms.com/theme/vojtasvoboda-newage
        )

    [2] => Array
        (
            [name] => Stellar
            [description] => a clean, responsive one page and blog theme
            [code] => Zwiebl.zwiebl_stellar
            [updated_at] => 2020-01-16 06:38:25
            [image] => //gateway.octobercms.com/storage/app/uploads/public/57e/bb4/fe9/thumb_5641_210_140_0_0_crop.png
            [author] => Alpen.Space
            [hash] => 19345446d87ad08e6937503019a43fd9
            [demo_url] => https://theme-demo.alpen.space/stellar/
            [product_url] => http://gateway.octobercms.com/theme/zwiebl-zwiebl-stellar
        )

    [3] => Array
        (
            [name] => Blank Bootstrap 4
            [description] => A blank Bootstrap 4 template
            [code] => Hambern.hambern-blank-bootstrap-4
            [updated_at] => 2020-01-16 02:34:17
            [image] => //gateway.octobercms.com/storage/app/uploads/public/57b/9ba/c48/thumb_5365_210_140_0_0_crop.png
            [author] => Mattias Hamberg
            [hash] => 9a6762de633774de2cebf69a88f290d1
            [demo_url] => 
            [product_url] => http://gateway.octobercms.com/theme/hambern-hambern-blank-bootstrap-4
        )

    [4] => Array
        (
            [name] => Bonjour
            [description] => A sample multi-lingual theme for translated content.
            [code] => RainLab.Bonjour
            [updated_at] => 2020-01-15 22:06:08
            [image] => //gateway.octobercms.com/storage/app/uploads/public/577/9df/850/thumb_4911_210_140_0_0_crop.png
            [author] => RainLab
            [hash] => f1084f81e0e1c5c8d22317794292deb3
            [demo_url] => 
            [product_url] => http://gateway.octobercms.com/theme/rainlab-bonjour
        )

    [5] => Array
        (
            [name] => Viola
            [description] => One Page Theme based on Bootstrap 4 with different color schemes, scss files included
            [code] => JumpLink.Viola
            [updated_at] => 2020-01-16 06:39:23
            [image] => //gateway.octobercms.com/storage/app/uploads/public/574/6af/435/thumb_4705_210_140_0_0_crop.png
            [author] => JumpLink
            [hash] => fe09a3915724fcc241e0e5914c8ea346
            [demo_url] => http://healthyteeth.jumplink.eu/
            [product_url] => http://gateway.octobercms.com/theme/jumplink-viola
        )

    [6] => Array
        (
            [name] => Relax
            [description] => A fictional site called House of Chairs that demonstrates how to build a client-friendly website.
            [code] => RainLab.Relax
            [updated_at] => 2020-01-16 06:58:08
            [image] => //gateway.octobercms.com/storage/app/uploads/public/559/49e/2da/thumb_2585_210_140_0_0_crop.png
            [author] => RainLab
            [hash] => a35c64b09ad6347b8a226291e5b8fd75
            [demo_url] => 
            [product_url] => http://gateway.octobercms.com/theme/rainlab-relax
        )

    [7] => Array
        (
            [name] => Vanilla
            [description] => A plain starter template that implements account management, a blog and community forum.
            [code] => RainLab.Vanilla
            [updated_at] => 2020-01-16 02:51:13
            [image] => //gateway.octobercms.com/storage/app/uploads/public/552/da4/0f8/thumb_2106_210_140_0_0_crop.png
            [author] => RainLab
            [hash] => 4b893d1c085a298e9b9b1d13635a675f
            [demo_url] => 
            [product_url] => http://gateway.octobercms.com/theme/rainlab-vanilla
        )

    [8] => Array
        (
            [name] => Flat UI
            [description] => A theme that uses a Flat user-interface and has no dependencies on others plugins.
            [code] => Responsiv.Flat
            [updated_at] => 2020-01-16 05:05:25
            [image] => //gateway.octobercms.com/storage/app/uploads/public/53d/084/fbc/thumb_543_210_140_0_0_crop.png
            [author] => Responsiv Internet
            [hash] => 3b3994c2c50d1b0f49a0725d764c12e8
            [demo_url] => 
            [product_url] => http://gateway.octobercms.com/theme/responsiv-flat
        )

)

.============================ POST REQUEST ==========================.
[2020/01/16 07:58:27] Postback payload: Array
(
    [name] => Responsiv.Flat
    [handler] => onThemeDetails
)

[2020/01/16 07:58:28] Server request: theme/detail
[2020/01/16 07:58:28] Request information: Array
(
    [url] => http://gateway.octobercms.com/api/theme/detail
    [content_type] => application/json
    [http_code] => 200
    [header_size] => 477
    [request_size] => 199
    [filetime] => -1
    [ssl_verify_result] => 0
    [redirect_count] => 0
    [total_time] => 0.576453
    [namelookup_time] => 0.002225
    [connect_time] => 0.26139
    [pretransfer_time] => 0.261592
    [size_upload] => 52
    [size_download] => 463
    [speed_download] => 803
    [speed_upload] => 90
    [download_content_length] => -1
    [upload_content_length] => 52
    [starttransfer_time] => 0.57632
    [redirect_time] => 0
    [redirect_url] => 
    [primary_ip] => 52.41.246.127
    [certinfo] => Array
        (
        )

    [primary_port] => 80
    [local_ip] => 192.168.1.5
    [local_port] => 50402
    [http_version] => 2
    [protocol] => 1
    [ssl_verifyresult] => 0
    [scheme] => HTTP
    [appconnect_time_us] => 0
    [connect_time_us] => 261390
    [namelookup_time_us] => 2225
    [pretransfer_time_us] => 261592
    [redirect_time_us] => 0
    [starttransfer_time_us] => 576320
    [total_time_us] => 576453
)

[2020/01/16 07:58:28] Execute handler (onThemeDetails): Array
(
    [name] => Flat UI
    [description] => A theme that uses a Flat user-interface and has no dependencies on others plugins.
    [code] => Responsiv.Flat
    [updated_at] => 2020-01-16 05:05:25
    [image] => //gateway.octobercms.com/storage/app/uploads/public/53d/084/fbc/thumb_543_210_140_0_0_crop.png
    [author] => Responsiv Internet
    [hash] => 3b3994c2c50d1b0f49a0725d764c12e8
    [demo_url] => 
    [product_url] => http://gateway.octobercms.com/theme/responsiv-flat
    [require] => Array
        (
        )

)

.============================ POST REQUEST ==========================.
[2020/01/16 07:58:28] Postback payload: Array
(
    [step] => getMetaData
    [meta] => 
    [themes] => Array
        (
            [0] => Array
                (
                    [name] => Flat UI
                    [description] => A theme that uses a Flat user-interface and has no dependencies on others plugins.
                    [code] => Responsiv.Flat
                    [updated_at] => 2020-01-16 05:05:25
                    [image] => //gateway.octobercms.com/storage/app/uploads/public/53d/084/fbc/thumb_543_210_140_0_0_crop.png
                    [author] => Responsiv Internet
                    [hash] => 3b3994c2c50d1b0f49a0725d764c12e8
                    [demo_url] => 
                    [product_url] => http://gateway.octobercms.com/theme/responsiv-flat
                )

        )

    [handler] => onInstallStep
)

[2020/01/16 07:58:28] Install step: getMetaData
[2020/01/16 07:58:28] Server request: core/install
[2020/01/16 07:58:28] Request information: Array
(
    [url] => http://gateway.octobercms.com/api/core/install
    [content_type] => application/json
    [http_code] => 200
    [header_size] => 477
    [request_size] => 208
    [filetime] => -1
    [ssl_verify_result] => 0
    [redirect_count] => 0
    [total_time] => 0.655903
    [namelookup_time] => 0.006978
    [connect_time] => 0.26469
    [pretransfer_time] => 0.264842
    [size_upload] => 61
    [size_download] => 183
    [speed_download] => 279
    [speed_upload] => 93
    [download_content_length] => -1
    [upload_content_length] => 61
    [starttransfer_time] => 0.655837
    [redirect_time] => 0
    [redirect_url] => 
    [primary_ip] => 52.41.246.127
    [certinfo] => Array
        (
        )

    [primary_port] => 80
    [local_ip] => 192.168.1.5
    [local_port] => 50405
    [http_version] => 2
    [protocol] => 1
    [ssl_verifyresult] => 0
    [scheme] => HTTP
    [appconnect_time_us] => 0
    [connect_time_us] => 264690
    [namelookup_time_us] => 6978
    [pretransfer_time_us] => 264842
    [redirect_time_us] => 0
    [starttransfer_time_us] => 655837
    [total_time_us] => 655903
)

[2020/01/16 07:58:28] Step getMetaData +OK
[2020/01/16 07:58:28] Execute handler (onInstallStep): Array
(
    [result] => Array
        (
            [core] => Array
                (
                    [hash] => 2737f2becb468734b4ac6d9383396332
                    [build] => 464
                    [uhash] => cb72e3f2acd69eeabea8c44223ebb2b5
                )

            [plugins] => Array
                (
                )

            [themes] => Array
                (
                    [Responsiv.Flat] => 3b3994c2c50d1b0f49a0725d764c12e8
                )

        )

)

.============================ POST REQUEST ==========================.
[2020/01/16 07:58:29] Postback payload: Array
(
    [step] => downloadCore
    [meta] => Array
        (
            [core] => Array
                (
                    [hash] => 2737f2becb468734b4ac6d9383396332
                    [build] => 464
                    [uhash] => cb72e3f2acd69eeabea8c44223ebb2b5
                )

            [themes] => Array
                (
                    [Responsiv.Flat] => 3b3994c2c50d1b0f49a0725d764c12e8
                )

        )

    [handler] => onInstallStep
)

[2020/01/16 07:58:29] Install step: downloadCore
[2020/01/16 07:58:51] Saving to file (core): C:/xampppppp/htdocs/cms/install_files/temp/a74ad8dfacd4f985eb3977517615ce25.arc
[2020/01/16 07:58:51] Step downloadCore +OK
[2020/01/16 07:58:51] Execute handler (onInstallStep): Array
(
    [result] => 
)

.============================ POST REQUEST ==========================.
[2020/01/16 07:58:51] Postback payload: Array
(
    [step] => downloadTheme
    [meta] => Array
        (
            [core] => Array
                (
                    [hash] => 2737f2becb468734b4ac6d9383396332
                    [build] => 464
                    [uhash] => cb72e3f2acd69eeabea8c44223ebb2b5
                )

            [themes] => Array
                (
                    [Responsiv.Flat] => 3b3994c2c50d1b0f49a0725d764c12e8
                )

        )

    [name] => Responsiv.Flat
    [handler] => onInstallStep
)

[2020/01/16 07:58:51] Install step: downloadTheme
[2020/01/16 07:58:58] Saving to file (Responsiv.Flat-theme): C:/xampppppp/htdocs/cms/install_files/temp/286bd374e2836d585587f7959bd6c9a1.arc
[2020/01/16 07:58:58] Step downloadTheme +OK
[2020/01/16 07:58:58] Execute handler (onInstallStep): Array
(
    [result] => 
)

.============================ POST REQUEST ==========================.
[2020/01/16 07:58:58] Postback payload: Array
(
    [step] => extractCore
    [meta] => Array
        (
            [core] => Array
                (
                    [hash] => 2737f2becb468734b4ac6d9383396332
                    [build] => 464
                    [uhash] => cb72e3f2acd69eeabea8c44223ebb2b5
                )

            [themes] => Array
                (
                    [Responsiv.Flat] => 3b3994c2c50d1b0f49a0725d764c12e8
                )

        )

    [handler] => onInstallStep
)

[2020/01/16 07:58:58] Install step: extractCore
[2020/01/16 07:58:58] Extracting file (core): a74ad8dfacd4f985eb3977517615ce25.arc
[2020/01/16 08:01:30] Step extractCore +OK
[2020/01/16 08:01:30] Execute handler (onInstallStep): Array
(
    [result] => 1
)

.============================ POST REQUEST ==========================.
[2020/01/16 08:01:30] Postback payload: Array
(
    [step] => extractTheme
    [meta] => Array
        (
            [core] => Array
                (
                    [hash] => 2737f2becb468734b4ac6d9383396332
                    [build] => 464
                    [uhash] => cb72e3f2acd69eeabea8c44223ebb2b5
                )

            [themes] => Array
                (
                    [Responsiv.Flat] => 3b3994c2c50d1b0f49a0725d764c12e8
                )

        )

    [name] => Responsiv.Flat
    [handler] => onInstallStep
)

[2020/01/16 08:01:30] Install step: extractTheme
[2020/01/16 08:01:30] Extracting file (Responsiv.Flat-theme): 286bd374e2836d585587f7959bd6c9a1.arc
[2020/01/16 08:01:35] Step extractTheme +OK
[2020/01/16 08:01:35] Execute handler (onInstallStep): Array
(
    [result] => 1
)

.============================ POST REQUEST ==========================.
[2020/01/16 08:01:35] Postback payload: Array
(
    [step] => setupConfig
    [meta] => Array
        (
            [core] => Array
                (
                    [hash] => 2737f2becb468734b4ac6d9383396332
                    [build] => 464
                    [uhash] => cb72e3f2acd69eeabea8c44223ebb2b5
                )

            [themes] => Array
                (
                    [Responsiv.Flat] => 3b3994c2c50d1b0f49a0725d764c12e8
                )

        )

    [db_type] => mysql
    [db_host] => localhost
    [db_port] => 
    [db_name] => cms
    [db_user] => root
    [db_pass] => *******
    [admin_first_name] => Admin
    [admin_last_name] => Person
    [admin_email] => *******@*****.com
    [admin_login] => admin
    [admin_password] => *******
    [admin_confirm_password] => *******
    [backend_uri] => /backend
    [encryption_code] => *******
    [file_mask] => 777
    [folder_mask] => 777
    [active_theme] => Responsiv.Flat
    [handler] => onInstallStep
)

[2020/01/16 08:01:35] Install step: setupConfig
[2020/01/16 07:01:36] Step setupConfig +OK
[2020/01/16 07:01:36] Execute handler (onInstallStep): Array
(
    [result] => 
)

.============================ POST REQUEST ==========================.
[2020/01/16 08:01:36] Postback payload: Array
(
    [step] => createAdmin
    [meta] => Array
        (
            [core] => Array
                (
                    [hash] => 2737f2becb468734b4ac6d9383396332
                    [build] => 464
                    [uhash] => cb72e3f2acd69eeabea8c44223ebb2b5
                )

            [themes] => Array
                (
                    [Responsiv.Flat] => 3b3994c2c50d1b0f49a0725d764c12e8
                )

        )

    [db_type] => mysql
    [db_host] => localhost
    [db_port] => 
    [db_name] => cms
    [db_user] => root
    [db_pass] => *******
    [admin_first_name] => Admin
    [admin_last_name] => Person
    [admin_email] => *******@*****.com
    [admin_login] => admin
    [admin_password] => *******
    [admin_confirm_password] => *******
    [backend_uri] => /backend
    [encryption_code] => *******
    [file_mask] => 777
    [folder_mask] => 777
    [active_theme] => Responsiv.Flat
    [handler] => onInstallStep
)

[2020/01/16 08:01:36] Install step: createAdmin
[2020/01/16 07:02:31] Step createAdmin +OK
[2020/01/16 07:02:31] Execute handler (onInstallStep): Array
(
    [result] => 
)

.============================ POST REQUEST ==========================.
[2020/01/16 08:02:32] Postback payload: Array
(
    [disableLog] => 1
)

[2020/01/16 08:02:32] Install step: setupProject
[2020/01/16 08:02:32] Step setupProject +OK
[2020/01/16 08:02:32] Execute handler (onInstallStep): Array
(
    [result] => 
)

.============================ POST REQUEST ==========================.
[2020/01/16 08:02:33] Postback payload: Array
(
    [step] => finishInstall
    [meta] => Array
        (
            [core] => Array
                (
                    [hash] => 2737f2becb468734b4ac6d9383396332
                    [build] => 464
                    [uhash] => cb72e3f2acd69eeabea8c44223ebb2b5
                )

            [themes] => Array
                (
                    [Responsiv.Flat] => 3b3994c2c50d1b0f49a0725d764c12e8
                )

        )

    [hash] => 2737f2becb468734b4ac6d9383396332
    [build] => 464
    [uhash] => cb72e3f2acd69eeabea8c44223ebb2b5
    [handler] => onInstallStep
)

[2020/01/16 08:02:33] Install step: finishInstall
[2020/01/16 07:02:34] Cleaning up file: 286bd374e2836d585587f7959bd6c9a1.arc
[2020/01/16 07:02:34] Cleaning up file: a74ad8dfacd4f985eb3977517615ce25.arc
[2020/01/16 07:02:34] Step finishInstall +OK
[2020/01/16 07:02:34] Execute handler (onInstallStep): Array
(
    [result] => 
)

